<?xml version="1.0" encoding="UTF-8"?>
<!-- Generated by org.testng.reporters.JUnitReportReporter -->
<testsuite hostname="DESKTOP-FONRVJI" failures="0" tests="3" name="basicTestNG.Test1Flipkart" time="31.450" errors="0" timestamp="2024-03-15T11:27:29 IST" skipped="0">
  <testcase classname="basicTestNG.Test1Flipkart" name="amazon" time="14.823"/>
  <system-out/>
  <testcase classname="basicTestNG.Test1Flipkart" name="flipkart" time="7.291"/>
  <system-out/>
  <testcase classname="basicTestNG.Test1Flipkart" name="amazon" time="9.336"/>
  <system-out/>
</testsuite> <!-- basicTestNG.Test1Flipkart -->
