<?xml version="1.0" encoding="UTF-8"?>
<!-- Generated by org.testng.reporters.JUnitReportReporter -->
<testsuite hostname="DESKTOP-FONRVJI" failures="0" tests="1" name="basicTestNG.Test3Ajio" time="12.787" errors="0" timestamp="2024-03-16T10:34:06 IST" skipped="0">
  <testcase classname="basicTestNG.Test3Ajio" name="Ajio" time="12.787"/>
  <system-out/>
</testsuite> <!-- basicTestNG.Test3Ajio -->
